<?xml version="1.0" encoding="UTF-8"?>
<!-- Generated by org.testng.reporters.JUnitReportReporter -->
<testsuite hostname="DESKTOP-GA7HSJ5" failures="0" tests="1" name="Test.completeFlux" time="6.871" errors="0" timestamp="2023-09-29T00:16:17 ART" skipped="0">
  <testcase classname="Test.completeFlux" name="goToMonitors" time="6.871"/>
</testsuite> <!-- Test.completeFlux -->
